<?xml version="1.0" encoding="UTF-8" ?>
<testsuite failures="0" time="0.005" errors="0" skipped="0" tests="8" name="com.mycompany.app.BoardTest">
  <properties>
[...]
</properties>
  <testcase time="0.001" classname="com.mycompany.app.BoardTest" name="should_return_availableMoves"/>
  <testcase time="0" classname="com.mycompany.app.BoardTest" name="should_createNewGrid"/>
  <testcase time="0" classname="com.mycompany.app.BoardTest" name="should_checkIfOccupied"/>
  <testcase time="0.001" classname="com.mycompany.app.BoardTest" name="should_checkForWinner"/>
  <testcase time="0" classname="com.mycompany.app.BoardTest" name="players_should_take_turns"/>
  <testcase time="0" classname="com.mycompany.app.BoardTest" name="testWinningPossibilities"/>
  <testcase time="0" classname="com.mycompany.app.BoardTest" name="should_checkForTie"/>
  <testcase time="0" classname="com.mycompany.app.BoardTest" name="board_should_store_position_of_player_moves"/>
</testsuite>